[debug] [2022-10-17T05:58:33.078Z] ----------------------------------------------------------------------
[debug] [2022-10-17T05:58:33.079Z] Command:       C:\Program Files\nodejs\node.exe C:\Users\BT-JM-LT\AppData\Roaming\npm\node_modules\firebase-tools\lib\bin\firebase.js init hosting
[debug] [2022-10-17T05:58:33.080Z] CLI Version:   11.14.4
[debug] [2022-10-17T05:58:33.080Z] Platform:      win32
[debug] [2022-10-17T05:58:33.080Z] Node Version:  v16.17.0
[debug] [2022-10-17T05:58:33.080Z] Time:          Mon Oct 17 2022 10:58:33 GMT+0500 (Pakistan Standard Time)
[debug] [2022-10-17T05:58:33.080Z] ----------------------------------------------------------------------
[debug] 
[debug] [2022-10-17T05:58:33.085Z] > command requires scopes: ["email","openid","https://www.googleapis.com/auth/cloudplatformprojects.readonly","https://www.googleapis.com/auth/firebase","https://www.googleapis.com/auth/cloud-platform"]
[debug] [2022-10-17T05:58:33.086Z] > authorizing via signed-in user (janmuhammadmirza@gmail.com)
[info] 
     ######## #### ########  ######## ########     ###     ######  ########
     ##        ##  ##     ## ##       ##     ##  ##   ##  ##       ##
     ######    ##  ########  ######   ########  #########  ######  ######
     ##        ##  ##    ##  ##       ##     ## ##     ##       ## ##
     ##       #### ##     ## ######## ########  ##     ##  ######  ########

You're about to initialize a Firebase project in this directory:

  C:\laragon\www\tournament-setup

Before we get started, keep in mind:

  * You are currently outside your home directory

[info] 
=== Project Setup
[info] 
[info] First, let's associate this project directory with a Firebase project.
[info] You can create multiple project aliases by running firebase use --add, 
[info] but for now we'll just set up a default project.
[info] 
[debug] [2022-10-17T05:58:52.533Z] >>> [apiv2][query] GET https://firebase.googleapis.com/v1beta1/projects pageSize=100
[debug] [2022-10-17T05:58:53.280Z] <<< [apiv2][status] GET https://firebase.googleapis.com/v1beta1/projects 200
[debug] [2022-10-17T05:58:53.280Z] <<< [apiv2][body] GET https://firebase.googleapis.com/v1beta1/projects [omitted]
[info] i  Using project gamers-parlor (Gamers Parlor) 
[info] 
=== Hosting Setup
[info] 
[info] Your public directory is the folder (relative to your project directory) that
[info] will contain Hosting assets to be uploaded with firebase deploy. If you
[info] have a build process for your assets, use your build's output directory.
[info] 
